{"/Users/samuelberston/Desktop/FEC/project-catwalk/client/src/components/App.js": {"path":"/Users/samuelberston/Desktop/FEC/project-catwalk/client/src/components/App.js","statementMap":{"0":{"start":{"line":9,"column":4},"end":{"line":9,"column":17}},"1":{"start":{"line":10,"column":4},"end":{"line":12,"column":6}},"2":{"start":{"line":16,"column":26},"end":{"line":16,"column":36}},"3":{"start":{"line":17,"column":4},"end":{"line":24,"column":6}}},"fnMap":{"0":{"name":"(anonymous_0)","decl":{"start":{"line":8,"column":2},"end":{"line":8,"column":3}},"loc":{"start":{"line":8,"column":21},"end":{"line":13,"column":3}},"line":8},"1":{"name":"(anonymous_1)","decl":{"start":{"line":15,"column":2},"end":{"line":15,"column":3}},"loc":{"start":{"line":15,"column":11},"end":{"line":25,"column":3}},"line":15}},"branchMap":{},"s":{"0":2,"1":2,"2":2,"3":2},"f":{"0":2,"1":2},"b":{},"_coverageSchema":"1a1c01bbd47fc00a2c39e90264f33305004495a9","hash":"5f22026bf31c9f09c4cd7547dbe6885bcc566772"}
,"/Users/samuelberston/Desktop/FEC/project-catwalk/client/src/components/ProductDetails/ProductDetails.js": {"path":"/Users/samuelberston/Desktop/FEC/project-catwalk/client/src/components/ProductDetails/ProductDetails.js","statementMap":{"0":{"start":{"line":13,"column":4},"end":{"line":13,"column":25}},"1":{"start":{"line":14,"column":4},"end":{"line":17,"column":6}},"2":{"start":{"line":18,"column":4},"end":{"line":18,"column":55}},"3":{"start":{"line":24,"column":20},"end":{"line":24,"column":41}},"4":{"start":{"line":25,"column":4},"end":{"line":27,"column":7}},"5":{"start":{"line":28,"column":4},"end":{"line":34,"column":7}},"6":{"start":{"line":29,"column":6},"end":{"line":33,"column":7}},"7":{"start":{"line":30,"column":8},"end":{"line":32,"column":11}},"8":{"start":{"line":38,"column":31},"end":{"line":38,"column":41}},"9":{"start":{"line":47,"column":4},"end":{"line":59,"column":6}},"10":{"start":{"line":63,"column":0},"end":{"line":65,"column":2}}},"fnMap":{"0":{"name":"(anonymous_0)","decl":{"start":{"line":12,"column":2},"end":{"line":12,"column":3}},"loc":{"start":{"line":12,"column":29},"end":{"line":19,"column":3}},"line":12},"1":{"name":"(anonymous_1)","decl":{"start":{"line":21,"column":2},"end":{"line":21,"column":3}},"loc":{"start":{"line":21,"column":19},"end":{"line":35,"column":3}},"line":21},"2":{"name":"(anonymous_2)","decl":{"start":{"line":28,"column":27},"end":{"line":28,"column":28}},"loc":{"start":{"line":28,"column":38},"end":{"line":34,"column":5}},"line":28},"3":{"name":"(anonymous_3)","decl":{"start":{"line":37,"column":2},"end":{"line":37,"column":3}},"loc":{"start":{"line":37,"column":11},"end":{"line":60,"column":3}},"line":37}},"branchMap":{"0":{"loc":{"start":{"line":29,"column":6},"end":{"line":33,"column":7}},"type":"if","locations":[{"start":{"line":29,"column":6},"end":{"line":33,"column":7}},{"start":{"line":29,"column":6},"end":{"line":33,"column":7}}],"line":29}},"s":{"0":3,"1":3,"2":3,"3":0,"4":0,"5":0,"6":0,"7":0,"8":3,"9":3,"10":2},"f":{"0":3,"1":0,"2":0,"3":3},"b":{"0":[0,0]},"_coverageSchema":"1a1c01bbd47fc00a2c39e90264f33305004495a9","hash":"30c61b03cfac275f70648f11eb760654940a5b69"}
,"/Users/samuelberston/Desktop/FEC/project-catwalk/client/src/components/ProductDetails/productDummyData.js": {"path":"/Users/samuelberston/Desktop/FEC/project-catwalk/client/src/components/ProductDetails/productDummyData.js","statementMap":{"0":{"start":{"line":1,"column":16},"end":{"line":21,"column":1}}},"fnMap":{},"branchMap":{},"s":{"0":2},"f":{},"b":{},"_coverageSchema":"1a1c01bbd47fc00a2c39e90264f33305004495a9","hash":"c37b20a5dd74236bff70e615a1dab3093e2f91d7"}
,"/Users/samuelberston/Desktop/FEC/project-catwalk/client/src/components/ProductDetails/stylesDummyData.js": {"path":"/Users/samuelberston/Desktop/FEC/project-catwalk/client/src/components/ProductDetails/stylesDummyData.js","statementMap":{"0":{"start":{"line":1,"column":15},"end":{"line":83,"column":1}}},"fnMap":{},"branchMap":{},"s":{"0":2},"f":{},"b":{},"_coverageSchema":"1a1c01bbd47fc00a2c39e90264f33305004495a9","hash":"ca161dac889252751ded50039c1b1de4db565228"}
,"/Users/samuelberston/Desktop/FEC/project-catwalk/client/src/components/ProductDetails/ImageGallery/DefaultView.js": {"path":"/Users/samuelberston/Desktop/FEC/project-catwalk/client/src/components/ProductDetails/ImageGallery/DefaultView.js","statementMap":{"0":{"start":{"line":4,"column":20},"end":{"line":9,"column":1}},"1":{"start":{"line":5,"column":2},"end":{"line":8,"column":8}},"2":{"start":{"line":11,"column":0},"end":{"line":13,"column":2}}},"fnMap":{"0":{"name":"(anonymous_0)","decl":{"start":{"line":4,"column":20},"end":{"line":4,"column":21}},"loc":{"start":{"line":5,"column":2},"end":{"line":8,"column":8}},"line":5}},"branchMap":{},"s":{"0":3,"1":3,"2":3},"f":{"0":3},"b":{},"_coverageSchema":"1a1c01bbd47fc00a2c39e90264f33305004495a9","hash":"8bb81dbaf17f880e6dcad3dedb1044d30b8f38b1"}
,"/Users/samuelberston/Desktop/FEC/project-catwalk/client/src/components/ProductDetails/ImageGallery/ImageGallery.js": {"path":"/Users/samuelberston/Desktop/FEC/project-catwalk/client/src/components/ProductDetails/ImageGallery/ImageGallery.js","statementMap":{"0":{"start":{"line":6,"column":21},"end":{"line":16,"column":1}},"1":{"start":{"line":7,"column":2},"end":{"line":15,"column":8}},"2":{"start":{"line":11,"column":6},"end":{"line":13,"column":12}},"3":{"start":{"line":18,"column":0},"end":{"line":29,"column":2}}},"fnMap":{"0":{"name":"(anonymous_0)","decl":{"start":{"line":6,"column":21},"end":{"line":6,"column":22}},"loc":{"start":{"line":7,"column":2},"end":{"line":15,"column":8}},"line":7},"1":{"name":"(anonymous_1)","decl":{"start":{"line":10,"column":22},"end":{"line":10,"column":23}},"loc":{"start":{"line":11,"column":6},"end":{"line":13,"column":12}},"line":11}},"branchMap":{},"s":{"0":3,"1":5,"2":3,"3":3},"f":{"0":5,"1":3},"b":{},"_coverageSchema":"1a1c01bbd47fc00a2c39e90264f33305004495a9","hash":"6e17d3319ef19096d2208cc52e2ef43810eb3bae"}
,"/Users/samuelberston/Desktop/FEC/project-catwalk/client/src/components/ProductDetails/ImageGallery/ThumbnailView.js": {"path":"/Users/samuelberston/Desktop/FEC/project-catwalk/client/src/components/ProductDetails/ImageGallery/ThumbnailView.js","statementMap":{"0":{"start":{"line":4,"column":22},"end":{"line":9,"column":1}},"1":{"start":{"line":5,"column":2},"end":{"line":8,"column":8}},"2":{"start":{"line":11,"column":0},"end":{"line":13,"column":2}}},"fnMap":{"0":{"name":"(anonymous_0)","decl":{"start":{"line":4,"column":22},"end":{"line":4,"column":23}},"loc":{"start":{"line":5,"column":2},"end":{"line":8,"column":8}},"line":5}},"branchMap":{},"s":{"0":3,"1":3,"2":3},"f":{"0":3},"b":{},"_coverageSchema":"1a1c01bbd47fc00a2c39e90264f33305004495a9","hash":"5221fb6ffd7dd44b0c02bf0962c6cf9a1f140b5a"}
,"/Users/samuelberston/Desktop/FEC/project-catwalk/client/src/components/ProductDetails/ProductInformation/Category.js": {"path":"/Users/samuelberston/Desktop/FEC/project-catwalk/client/src/components/ProductDetails/ProductInformation/Category.js","statementMap":{"0":{"start":{"line":4,"column":17},"end":{"line":9,"column":1}},"1":{"start":{"line":5,"column":2},"end":{"line":8,"column":8}},"2":{"start":{"line":11,"column":0},"end":{"line":13,"column":2}}},"fnMap":{"0":{"name":"(anonymous_0)","decl":{"start":{"line":4,"column":17},"end":{"line":4,"column":18}},"loc":{"start":{"line":5,"column":2},"end":{"line":8,"column":8}},"line":5}},"branchMap":{},"s":{"0":2,"1":3,"2":2},"f":{"0":3},"b":{},"_coverageSchema":"1a1c01bbd47fc00a2c39e90264f33305004495a9","hash":"0156ad4cbe8181f6926995c18993db907df6e153"}
,"/Users/samuelberston/Desktop/FEC/project-catwalk/client/src/components/ProductDetails/ProductInformation/Price.js": {"path":"/Users/samuelberston/Desktop/FEC/project-catwalk/client/src/components/ProductDetails/ProductInformation/Price.js","statementMap":{"0":{"start":{"line":4,"column":14},"end":{"line":9,"column":1}},"1":{"start":{"line":5,"column":2},"end":{"line":8,"column":8}},"2":{"start":{"line":11,"column":0},"end":{"line":13,"column":2}}},"fnMap":{"0":{"name":"(anonymous_0)","decl":{"start":{"line":4,"column":14},"end":{"line":4,"column":15}},"loc":{"start":{"line":5,"column":2},"end":{"line":8,"column":8}},"line":5}},"branchMap":{},"s":{"0":2,"1":3,"2":2},"f":{"0":3},"b":{},"_coverageSchema":"1a1c01bbd47fc00a2c39e90264f33305004495a9","hash":"676dfbd2188431a8c323f0ae76655624f9a84706"}
,"/Users/samuelberston/Desktop/FEC/project-catwalk/client/src/components/ProductDetails/ProductInformation/ProductInformation.js": {"path":"/Users/samuelberston/Desktop/FEC/project-catwalk/client/src/components/ProductDetails/ProductInformation/ProductInformation.js","statementMap":{"0":{"start":{"line":8,"column":27},"end":{"line":15,"column":1}},"1":{"start":{"line":9,"column":2},"end":{"line":14,"column":8}},"2":{"start":{"line":17,"column":0},"end":{"line":30,"column":2}}},"fnMap":{"0":{"name":"(anonymous_0)","decl":{"start":{"line":8,"column":27},"end":{"line":8,"column":28}},"loc":{"start":{"line":9,"column":2},"end":{"line":14,"column":8}},"line":9}},"branchMap":{},"s":{"0":2,"1":3,"2":2},"f":{"0":3},"b":{},"_coverageSchema":"1a1c01bbd47fc00a2c39e90264f33305004495a9","hash":"87d5e106fe89ae1075088217fbdedda7009cdc4e"}
,"/Users/samuelberston/Desktop/FEC/project-catwalk/client/src/components/ProductDetails/ProductInformation/Title.js": {"path":"/Users/samuelberston/Desktop/FEC/project-catwalk/client/src/components/ProductDetails/ProductInformation/Title.js","statementMap":{"0":{"start":{"line":4,"column":14},"end":{"line":9,"column":1}},"1":{"start":{"line":5,"column":2},"end":{"line":8,"column":8}},"2":{"start":{"line":11,"column":0},"end":{"line":13,"column":2}}},"fnMap":{"0":{"name":"(anonymous_0)","decl":{"start":{"line":4,"column":14},"end":{"line":4,"column":15}},"loc":{"start":{"line":5,"column":2},"end":{"line":8,"column":8}},"line":5}},"branchMap":{},"s":{"0":2,"1":3,"2":2},"f":{"0":3},"b":{},"_coverageSchema":"1a1c01bbd47fc00a2c39e90264f33305004495a9","hash":"951bbc1e4d65320f27195632fcfa816e6cc190e0"}
,"/Users/samuelberston/Desktop/FEC/project-catwalk/client/src/components/ProductDetails/StyleSelector/AddToCart.js": {"path":"/Users/samuelberston/Desktop/FEC/project-catwalk/client/src/components/ProductDetails/StyleSelector/AddToCart.js","statementMap":{"0":{"start":{"line":3,"column":18},"end":{"line":8,"column":1}},"1":{"start":{"line":4,"column":2},"end":{"line":7,"column":10}}},"fnMap":{"0":{"name":"(anonymous_0)","decl":{"start":{"line":3,"column":18},"end":{"line":3,"column":19}},"loc":{"start":{"line":4,"column":2},"end":{"line":7,"column":10}},"line":4}},"branchMap":{},"s":{"0":2,"1":3},"f":{"0":3},"b":{},"_coverageSchema":"1a1c01bbd47fc00a2c39e90264f33305004495a9","hash":"37054779d1f1efbcc88b36ce35017f3e445a0c0b"}
,"/Users/samuelberston/Desktop/FEC/project-catwalk/client/src/components/ProductDetails/StyleSelector/Favorite.js": {"path":"/Users/samuelberston/Desktop/FEC/project-catwalk/client/src/components/ProductDetails/StyleSelector/Favorite.js","statementMap":{"0":{"start":{"line":3,"column":17},"end":{"line":7,"column":1}},"1":{"start":{"line":4,"column":2},"end":{"line":6,"column":8}}},"fnMap":{"0":{"name":"(anonymous_0)","decl":{"start":{"line":3,"column":17},"end":{"line":3,"column":18}},"loc":{"start":{"line":4,"column":2},"end":{"line":6,"column":8}},"line":4}},"branchMap":{},"s":{"0":2,"1":3},"f":{"0":3},"b":{},"_coverageSchema":"1a1c01bbd47fc00a2c39e90264f33305004495a9","hash":"d0e2cc4f1299d89554249ae71f6c5ae44183287c"}
,"/Users/samuelberston/Desktop/FEC/project-catwalk/client/src/components/ProductDetails/StyleSelector/QtySelector.js": {"path":"/Users/samuelberston/Desktop/FEC/project-catwalk/client/src/components/ProductDetails/StyleSelector/QtySelector.js","statementMap":{"0":{"start":{"line":4,"column":20},"end":{"line":18,"column":1}},"1":{"start":{"line":5,"column":18},"end":{"line":5,"column":20}},"2":{"start":{"line":6,"column":2},"end":{"line":8,"column":3}},"3":{"start":{"line":6,"column":15},"end":{"line":6,"column":16}},"4":{"start":{"line":7,"column":4},"end":{"line":7,"column":20}},"5":{"start":{"line":10,"column":2},"end":{"line":17,"column":4}},"6":{"start":{"line":14,"column":33},"end":{"line":14,"column":86}},"7":{"start":{"line":20,"column":0},"end":{"line":22,"column":2}}},"fnMap":{"0":{"name":"(anonymous_0)","decl":{"start":{"line":4,"column":20},"end":{"line":4,"column":21}},"loc":{"start":{"line":4,"column":33},"end":{"line":18,"column":1}},"line":4},"1":{"name":"(anonymous_1)","decl":{"start":{"line":14,"column":21},"end":{"line":14,"column":22}},"loc":{"start":{"line":14,"column":33},"end":{"line":14,"column":86}},"line":14}},"branchMap":{},"s":{"0":2,"1":3,"2":3,"3":3,"4":102,"5":3,"6":102,"7":2},"f":{"0":3,"1":102},"b":{},"_coverageSchema":"1a1c01bbd47fc00a2c39e90264f33305004495a9","hash":"96e3d2dbb31bf677bf5be52c78a49c86919c6690"}
,"/Users/samuelberston/Desktop/FEC/project-catwalk/client/src/components/ProductDetails/StyleSelector/SizeSelector.js": {"path":"/Users/samuelberston/Desktop/FEC/project-catwalk/client/src/components/ProductDetails/StyleSelector/SizeSelector.js","statementMap":{"0":{"start":{"line":6,"column":21},"end":{"line":21,"column":1}},"1":{"start":{"line":7,"column":2},"end":{"line":20,"column":10}},"2":{"start":{"line":11,"column":8},"end":{"line":17,"column":9}},"3":{"start":{"line":12,"column":10},"end":{"line":16,"column":12}},"4":{"start":{"line":23,"column":0},"end":{"line":26,"column":2}}},"fnMap":{"0":{"name":"(anonymous_0)","decl":{"start":{"line":6,"column":21},"end":{"line":6,"column":22}},"loc":{"start":{"line":7,"column":2},"end":{"line":20,"column":10}},"line":7},"1":{"name":"(anonymous_1)","decl":{"start":{"line":10,"column":29},"end":{"line":10,"column":30}},"loc":{"start":{"line":10,"column":38},"end":{"line":18,"column":7}},"line":10}},"branchMap":{"0":{"loc":{"start":{"line":11,"column":8},"end":{"line":17,"column":9}},"type":"if","locations":[{"start":{"line":11,"column":8},"end":{"line":17,"column":9}},{"start":{"line":11,"column":8},"end":{"line":17,"column":9}}],"line":11}},"s":{"0":2,"1":3,"2":18,"3":15,"4":2},"f":{"0":3,"1":18},"b":{"0":[15,3]},"_coverageSchema":"1a1c01bbd47fc00a2c39e90264f33305004495a9","hash":"995c0883df4fab6313f657ddcab433cf30b2980c"}
,"/Users/samuelberston/Desktop/FEC/project-catwalk/client/src/components/ProductDetails/StyleSelector/Style.js": {"path":"/Users/samuelberston/Desktop/FEC/project-catwalk/client/src/components/ProductDetails/StyleSelector/Style.js","statementMap":{"0":{"start":{"line":4,"column":14},"end":{"line":9,"column":1}},"1":{"start":{"line":5,"column":2},"end":{"line":8,"column":8}},"2":{"start":{"line":11,"column":0},"end":{"line":22,"column":2}}},"fnMap":{"0":{"name":"(anonymous_0)","decl":{"start":{"line":4,"column":14},"end":{"line":4,"column":15}},"loc":{"start":{"line":5,"column":2},"end":{"line":8,"column":8}},"line":5}},"branchMap":{},"s":{"0":2,"1":6,"2":2},"f":{"0":6},"b":{},"_coverageSchema":"1a1c01bbd47fc00a2c39e90264f33305004495a9","hash":"36e490b2c90ef93137cd3f9d3c30c4c46ef3fd03"}
,"/Users/samuelberston/Desktop/FEC/project-catwalk/client/src/components/ProductDetails/StyleSelector/StyleSelector.js": {"path":"/Users/samuelberston/Desktop/FEC/project-catwalk/client/src/components/ProductDetails/StyleSelector/StyleSelector.js","statementMap":{"0":{"start":{"line":17,"column":4},"end":{"line":19,"column":7}},"1":{"start":{"line":20,"column":4},"end":{"line":23,"column":6}},"2":{"start":{"line":24,"column":4},"end":{"line":24,"column":51}},"3":{"start":{"line":28,"column":4},"end":{"line":30,"column":7}},"4":{"start":{"line":34,"column":38},"end":{"line":34,"column":48}},"5":{"start":{"line":35,"column":27},"end":{"line":35,"column":37}},"6":{"start":{"line":36,"column":21},"end":{"line":36,"column":26}},"7":{"start":{"line":37,"column":16},"end":{"line":37,"column":34}},"8":{"start":{"line":38,"column":4},"end":{"line":47,"column":6}},"9":{"start":{"line":51,"column":0},"end":{"line":72,"column":2}}},"fnMap":{"0":{"name":"(anonymous_0)","decl":{"start":{"line":14,"column":2},"end":{"line":14,"column":3}},"loc":{"start":{"line":16,"column":5},"end":{"line":25,"column":3}},"line":16},"1":{"name":"(anonymous_1)","decl":{"start":{"line":27,"column":2},"end":{"line":27,"column":3}},"loc":{"start":{"line":27,"column":17},"end":{"line":31,"column":3}},"line":27},"2":{"name":"(anonymous_2)","decl":{"start":{"line":33,"column":2},"end":{"line":33,"column":3}},"loc":{"start":{"line":33,"column":11},"end":{"line":48,"column":3}},"line":33}},"branchMap":{},"s":{"0":3,"1":3,"2":3,"3":0,"4":3,"5":3,"6":3,"7":3,"8":3,"9":2},"f":{"0":3,"1":0,"2":3},"b":{},"_coverageSchema":"1a1c01bbd47fc00a2c39e90264f33305004495a9","hash":"f591e61e2f99c77a3bb76660d2e54011f1a6f374"}
,"/Users/samuelberston/Desktop/FEC/project-catwalk/client/src/components/ProductDetails/StyleSelector/StylesDisplay.js": {"path":"/Users/samuelberston/Desktop/FEC/project-catwalk/client/src/components/ProductDetails/StyleSelector/StylesDisplay.js","statementMap":{"0":{"start":{"line":6,"column":22},"end":{"line":15,"column":1}},"1":{"start":{"line":7,"column":2},"end":{"line":14,"column":8}},"2":{"start":{"line":10,"column":6},"end":{"line":12,"column":12}},"3":{"start":{"line":17,"column":0},"end":{"line":28,"column":2}}},"fnMap":{"0":{"name":"(anonymous_0)","decl":{"start":{"line":6,"column":22},"end":{"line":6,"column":23}},"loc":{"start":{"line":7,"column":2},"end":{"line":14,"column":8}},"line":7},"1":{"name":"(anonymous_1)","decl":{"start":{"line":9,"column":16},"end":{"line":9,"column":17}},"loc":{"start":{"line":10,"column":6},"end":{"line":12,"column":12}},"line":10}},"branchMap":{},"s":{"0":2,"1":3,"2":6,"3":2},"f":{"0":3,"1":6},"b":{},"_coverageSchema":"1a1c01bbd47fc00a2c39e90264f33305004495a9","hash":"d20ada60704ad3093e2bc3a9bda6c9f731b996a4"}
,"/Users/samuelberston/Desktop/FEC/project-catwalk/client/src/components/Questions/Answer.js": {"path":"/Users/samuelberston/Desktop/FEC/project-catwalk/client/src/components/Questions/Answer.js","statementMap":{"0":{"start":{"line":7,"column":4},"end":{"line":7,"column":17}},"1":{"start":{"line":8,"column":4},"end":{"line":10,"column":6}},"2":{"start":{"line":14,"column":23},"end":{"line":14,"column":33}},"3":{"start":{"line":15,"column":4},"end":{"line":20,"column":6}},"4":{"start":{"line":24,"column":0},"end":{"line":36,"column":2}},"5":{"start":{"line":38,"column":0},"end":{"line":56,"column":2}}},"fnMap":{"0":{"name":"(anonymous_0)","decl":{"start":{"line":6,"column":2},"end":{"line":6,"column":3}},"loc":{"start":{"line":6,"column":21},"end":{"line":11,"column":3}},"line":6},"1":{"name":"(anonymous_1)","decl":{"start":{"line":13,"column":2},"end":{"line":13,"column":3}},"loc":{"start":{"line":13,"column":11},"end":{"line":21,"column":3}},"line":13}},"branchMap":{},"s":{"0":135,"1":135,"2":135,"3":135,"4":5,"5":5},"f":{"0":135,"1":135},"b":{},"_coverageSchema":"1a1c01bbd47fc00a2c39e90264f33305004495a9","hash":"90956dc1dceacca43cb60d9915c02a162f4342fb"}
,"/Users/samuelberston/Desktop/FEC/project-catwalk/client/src/components/Questions/AnswerFooter.js": {"path":"/Users/samuelberston/Desktop/FEC/project-catwalk/client/src/components/Questions/AnswerFooter.js","statementMap":{"0":{"start":{"line":6,"column":4},"end":{"line":6,"column":17}},"1":{"start":{"line":7,"column":4},"end":{"line":9,"column":6}},"2":{"start":{"line":13,"column":23},"end":{"line":13,"column":33}},"3":{"start":{"line":14,"column":24},"end":{"line":18,"column":5}},"4":{"start":{"line":19,"column":4},"end":{"line":40,"column":6}},"5":{"start":{"line":44,"column":0},"end":{"line":56,"column":2}},"6":{"start":{"line":58,"column":0},"end":{"line":76,"column":2}}},"fnMap":{"0":{"name":"(anonymous_0)","decl":{"start":{"line":5,"column":2},"end":{"line":5,"column":3}},"loc":{"start":{"line":5,"column":21},"end":{"line":10,"column":3}},"line":5},"1":{"name":"(anonymous_1)","decl":{"start":{"line":12,"column":2},"end":{"line":12,"column":3}},"loc":{"start":{"line":12,"column":11},"end":{"line":41,"column":3}},"line":12}},"branchMap":{},"s":{"0":140,"1":140,"2":140,"3":140,"4":140,"5":6,"6":6},"f":{"0":140,"1":140},"b":{},"_coverageSchema":"1a1c01bbd47fc00a2c39e90264f33305004495a9","hash":"5c1b0f4a4054bb83c0af2bc52113e1f34f3936d1"}
,"/Users/samuelberston/Desktop/FEC/project-catwalk/client/src/components/Questions/AnswerList.js": {"path":"/Users/samuelberston/Desktop/FEC/project-catwalk/client/src/components/Questions/AnswerList.js","statementMap":{"0":{"start":{"line":7,"column":4},"end":{"line":7,"column":17}},"1":{"start":{"line":8,"column":4},"end":{"line":10,"column":6}},"2":{"start":{"line":14,"column":24},"end":{"line":14,"column":34}},"3":{"start":{"line":15,"column":4},"end":{"line":21,"column":6}},"4":{"start":{"line":18,"column":33},"end":{"line":18,"column":82}},"5":{"start":{"line":25,"column":0},"end":{"line":38,"column":2}},"6":{"start":{"line":40,"column":0},"end":{"line":98,"column":2}}},"fnMap":{"0":{"name":"(anonymous_0)","decl":{"start":{"line":6,"column":2},"end":{"line":6,"column":3}},"loc":{"start":{"line":6,"column":21},"end":{"line":11,"column":3}},"line":6},"1":{"name":"(anonymous_1)","decl":{"start":{"line":13,"column":2},"end":{"line":13,"column":3}},"loc":{"start":{"line":13,"column":11},"end":{"line":22,"column":3}},"line":13},"2":{"name":"(anonymous_2)","decl":{"start":{"line":18,"column":21},"end":{"line":18,"column":22}},"loc":{"start":{"line":18,"column":33},"end":{"line":18,"column":82}},"line":18}},"branchMap":{"0":{"loc":{"start":{"line":19,"column":9},"end":{"line":19,"column":107}},"type":"cond-expr","locations":[{"start":{"line":19,"column":30},"end":{"line":19,"column":102}},{"start":{"line":19,"column":105},"end":{"line":19,"column":107}}],"line":19}},"s":{"0":27,"1":27,"2":27,"3":27,"4":132,"5":4,"6":4},"f":{"0":27,"1":27,"2":132},"b":{"0":[26,1]},"_coverageSchema":"1a1c01bbd47fc00a2c39e90264f33305004495a9","hash":"a04139a46ee36c8ef0c2b8e70b38f1dec5264cd3"}
,"/Users/samuelberston/Desktop/FEC/project-catwalk/client/src/components/Questions/Question.js": {"path":"/Users/samuelberston/Desktop/FEC/project-catwalk/client/src/components/Questions/Question.js","statementMap":{"0":{"start":{"line":8,"column":4},"end":{"line":8,"column":17}},"1":{"start":{"line":9,"column":4},"end":{"line":11,"column":6}},"2":{"start":{"line":15,"column":25},"end":{"line":15,"column":35}},"3":{"start":{"line":16,"column":24},"end":{"line":16,"column":34}},"4":{"start":{"line":17,"column":4},"end":{"line":24,"column":6}},"5":{"start":{"line":28,"column":0},"end":{"line":45,"column":2}},"6":{"start":{"line":47,"column":0},"end":{"line":216,"column":2}}},"fnMap":{"0":{"name":"(anonymous_0)","decl":{"start":{"line":7,"column":2},"end":{"line":7,"column":3}},"loc":{"start":{"line":7,"column":21},"end":{"line":12,"column":3}},"line":7},"1":{"name":"(anonymous_1)","decl":{"start":{"line":14,"column":2},"end":{"line":14,"column":3}},"loc":{"start":{"line":14,"column":11},"end":{"line":25,"column":3}},"line":14}},"branchMap":{},"s":{"0":23,"1":23,"2":23,"3":23,"4":23,"5":3,"6":3},"f":{"0":23,"1":23},"b":{},"_coverageSchema":"1a1c01bbd47fc00a2c39e90264f33305004495a9","hash":"1b6de42b2f20c6fcf2b313b1e887654f84725710"}
,"/Users/samuelberston/Desktop/FEC/project-catwalk/client/src/components/Questions/Questions.js": {"path":"/Users/samuelberston/Desktop/FEC/project-catwalk/client/src/components/Questions/Questions.js","statementMap":{"0":{"start":{"line":8,"column":4},"end":{"line":8,"column":17}},"1":{"start":{"line":9,"column":4},"end":{"line":11,"column":6}},"2":{"start":{"line":15,"column":26},"end":{"line":15,"column":36}},"3":{"start":{"line":17,"column":4},"end":{"line":33,"column":6}},"4":{"start":{"line":25,"column":12},"end":{"line":27,"column":18}}},"fnMap":{"0":{"name":"(anonymous_0)","decl":{"start":{"line":7,"column":2},"end":{"line":7,"column":3}},"loc":{"start":{"line":7,"column":21},"end":{"line":12,"column":3}},"line":7},"1":{"name":"(anonymous_1)","decl":{"start":{"line":14,"column":2},"end":{"line":14,"column":3}},"loc":{"start":{"line":14,"column":11},"end":{"line":34,"column":3}},"line":14},"2":{"name":"(anonymous_2)","decl":{"start":{"line":24,"column":33},"end":{"line":24,"column":34}},"loc":{"start":{"line":25,"column":12},"end":{"line":27,"column":18}},"line":25}},"branchMap":{"0":{"loc":{"start":{"line":29,"column":11},"end":{"line":29,"column":101}},"type":"cond-expr","locations":[{"start":{"line":29,"column":42},"end":{"line":29,"column":96}},{"start":{"line":29,"column":99},"end":{"line":29,"column":101}}],"line":29}},"s":{"0":4,"1":4,"2":4,"3":4,"4":20},"f":{"0":4,"1":4,"2":20},"b":{"0":[4,0]},"_coverageSchema":"1a1c01bbd47fc00a2c39e90264f33305004495a9","hash":"5921eb6bf7fdd79189d15862b6dc07647e9fa5fb"}
,"/Users/samuelberston/Desktop/FEC/project-catwalk/client/src/components/Questions/dummyAnswers.js": {"path":"/Users/samuelberston/Desktop/FEC/project-catwalk/client/src/components/Questions/dummyAnswers.js","statementMap":{"0":{"start":{"line":1,"column":21},"end":{"line":61,"column":1}}},"fnMap":{},"branchMap":{},"s":{"0":6},"f":{},"b":{},"_coverageSchema":"1a1c01bbd47fc00a2c39e90264f33305004495a9","hash":"e2ec0c9acb3f6231d545dde457d536d2df6a1d40"}
,"/Users/samuelberston/Desktop/FEC/project-catwalk/client/src/components/Questions/dummyQuestions.js": {"path":"/Users/samuelberston/Desktop/FEC/project-catwalk/client/src/components/Questions/dummyQuestions.js","statementMap":{"0":{"start":{"line":1,"column":23},"end":{"line":534,"column":1}}},"fnMap":{},"branchMap":{},"s":{"0":2},"f":{},"b":{},"_coverageSchema":"1a1c01bbd47fc00a2c39e90264f33305004495a9","hash":"d57846925268fc7c8df370cdecff13c8d3da9bb1"}
,"/Users/samuelberston/Desktop/FEC/project-catwalk/client/src/components/RatingsAndReviews/RatingsAndReviews.js": {"path":"/Users/samuelberston/Desktop/FEC/project-catwalk/client/src/components/RatingsAndReviews/RatingsAndReviews.js","statementMap":{"0":{"start":{"line":5,"column":4},"end":{"line":5,"column":17}},"1":{"start":{"line":6,"column":4},"end":{"line":8,"column":6}},"2":{"start":{"line":12,"column":4},"end":{"line":16,"column":6}}},"fnMap":{"0":{"name":"(anonymous_0)","decl":{"start":{"line":4,"column":2},"end":{"line":4,"column":3}},"loc":{"start":{"line":4,"column":21},"end":{"line":9,"column":3}},"line":4},"1":{"name":"(anonymous_1)","decl":{"start":{"line":11,"column":2},"end":{"line":11,"column":3}},"loc":{"start":{"line":11,"column":11},"end":{"line":17,"column":3}},"line":11}},"branchMap":{},"s":{"0":2,"1":2,"2":2},"f":{"0":2,"1":2},"b":{},"_coverageSchema":"1a1c01bbd47fc00a2c39e90264f33305004495a9","hash":"d228f027f293c67e34da1585b6bb9e7a7bb97753"}
,"/Users/samuelberston/Desktop/FEC/project-catwalk/client/src/components/RelatedProducts/AddToOutfit.js": {"path":"/Users/samuelberston/Desktop/FEC/project-catwalk/client/src/components/RelatedProducts/AddToOutfit.js","statementMap":{"0":{"start":{"line":5,"column":20},"end":{"line":13,"column":1}},"1":{"start":{"line":7,"column":2},"end":{"line":12,"column":8}},"2":{"start":{"line":15,"column":0},"end":{"line":17,"column":2}}},"fnMap":{"0":{"name":"(anonymous_0)","decl":{"start":{"line":5,"column":20},"end":{"line":5,"column":21}},"loc":{"start":{"line":7,"column":2},"end":{"line":12,"column":8}},"line":7}},"branchMap":{},"s":{"0":3,"1":6,"2":3},"f":{"0":6},"b":{},"_coverageSchema":"1a1c01bbd47fc00a2c39e90264f33305004495a9","hash":"d94b9806ff5bbf405a2e70d283882b0cea0a0e99"}
,"/Users/samuelberston/Desktop/FEC/project-catwalk/client/src/components/RelatedProducts/Card.js": {"path":"/Users/samuelberston/Desktop/FEC/project-catwalk/client/src/components/RelatedProducts/Card.js","statementMap":{"0":{"start":{"line":4,"column":13},"end":{"line":16,"column":1}},"1":{"start":{"line":6,"column":2},"end":{"line":15,"column":8}},"2":{"start":{"line":18,"column":0},"end":{"line":25,"column":2}}},"fnMap":{"0":{"name":"(anonymous_0)","decl":{"start":{"line":4,"column":13},"end":{"line":4,"column":14}},"loc":{"start":{"line":6,"column":2},"end":{"line":15,"column":8}},"line":6}},"branchMap":{},"s":{"0":3,"1":22,"2":3},"f":{"0":22},"b":{},"_coverageSchema":"1a1c01bbd47fc00a2c39e90264f33305004495a9","hash":"86dcf110bffc56f2eca06091930cb8578601f2ac"}
,"/Users/samuelberston/Desktop/FEC/project-catwalk/client/src/components/RelatedProducts/List.js": {"path":"/Users/samuelberston/Desktop/FEC/project-catwalk/client/src/components/RelatedProducts/List.js","statementMap":{"0":{"start":{"line":5,"column":13},"end":{"line":14,"column":1}},"1":{"start":{"line":6,"column":2},"end":{"line":13,"column":8}},"2":{"start":{"line":8,"column":6},"end":{"line":10,"column":12}},"3":{"start":{"line":16,"column":0},"end":{"line":19,"column":2}}},"fnMap":{"0":{"name":"(anonymous_0)","decl":{"start":{"line":5,"column":13},"end":{"line":5,"column":14}},"loc":{"start":{"line":6,"column":2},"end":{"line":13,"column":8}},"line":6},"1":{"name":"(anonymous_1)","decl":{"start":{"line":7,"column":22},"end":{"line":7,"column":23}},"loc":{"start":{"line":8,"column":6},"end":{"line":10,"column":12}},"line":8}},"branchMap":{},"s":{"0":3,"1":13,"2":22,"3":3},"f":{"0":13,"1":22},"b":{},"_coverageSchema":"1a1c01bbd47fc00a2c39e90264f33305004495a9","hash":"7a84c41a35d31b8f660792c4cdad728976107d69"}
,"/Users/samuelberston/Desktop/FEC/project-catwalk/client/src/components/RelatedProducts/RelatedProducts.js": {"path":"/Users/samuelberston/Desktop/FEC/project-catwalk/client/src/components/RelatedProducts/RelatedProducts.js","statementMap":{"0":{"start":{"line":8,"column":4},"end":{"line":8,"column":17}},"1":{"start":{"line":9,"column":4},"end":{"line":11,"column":6}},"2":{"start":{"line":12,"column":4},"end":{"line":12,"column":65}},"3":{"start":{"line":16,"column":4},"end":{"line":18,"column":7}},"4":{"start":{"line":22,"column":27},"end":{"line":22,"column":37}},"5":{"start":{"line":23,"column":4},"end":{"line":32,"column":6}}},"fnMap":{"0":{"name":"(anonymous_0)","decl":{"start":{"line":7,"column":2},"end":{"line":7,"column":3}},"loc":{"start":{"line":7,"column":21},"end":{"line":13,"column":3}},"line":7},"1":{"name":"(anonymous_1)","decl":{"start":{"line":15,"column":2},"end":{"line":15,"column":3}},"loc":{"start":{"line":15,"column":23},"end":{"line":19,"column":3}},"line":15},"2":{"name":"(anonymous_2)","decl":{"start":{"line":21,"column":2},"end":{"line":21,"column":3}},"loc":{"start":{"line":21,"column":11},"end":{"line":33,"column":3}},"line":21}},"branchMap":{},"s":{"0":5,"1":5,"2":5,"3":1,"4":6,"5":6},"f":{"0":5,"1":1,"2":6},"b":{},"_coverageSchema":"1a1c01bbd47fc00a2c39e90264f33305004495a9","hash":"c73d7979a11c9e3964102c2450add79f753e31c3"}
,"/Users/samuelberston/Desktop/FEC/project-catwalk/client/src/components/RelatedProducts/dummy_related.js": {"path":"/Users/samuelberston/Desktop/FEC/project-catwalk/client/src/components/RelatedProducts/dummy_related.js","statementMap":{"0":{"start":{"line":1,"column":16},"end":{"line":1,"column":37}},"1":{"start":{"line":3,"column":23},"end":{"line":26,"column":2}},"2":{"start":{"line":28,"column":24},"end":{"line":113,"column":1}},"3":{"start":{"line":115,"column":30},"end":{"line":1279,"column":1}},"4":{"start":{"line":1281,"column":0},"end":{"line":1286,"column":2}}},"fnMap":{},"branchMap":{},"s":{"0":3,"1":3,"2":3,"3":3,"4":3},"f":{},"b":{},"_coverageSchema":"1a1c01bbd47fc00a2c39e90264f33305004495a9","hash":"e70791efc85899aa5978b74e6199bbde157925c3"}
}
