{"/home/rfduong/hackreactor/project-catwalk/config.js": {"path":"/home/rfduong/hackreactor/project-catwalk/config.js","statementMap":{"0":{"start":{"line":1,"column":0},"end":{"line":3,"column":2}}},"fnMap":{},"branchMap":{},"s":{"0":1},"f":{},"b":{},"_coverageSchema":"1a1c01bbd47fc00a2c39e90264f33305004495a9","hash":"deb8d6083a54ea49e9a0cbda3cfcccfda1a9790f"}
,"/home/rfduong/hackreactor/project-catwalk/client/src/components/App.js": {"path":"/home/rfduong/hackreactor/project-catwalk/client/src/components/App.js","statementMap":{"0":{"start":{"line":9,"column":4},"end":{"line":9,"column":17}},"1":{"start":{"line":10,"column":4},"end":{"line":12,"column":6}},"2":{"start":{"line":16,"column":26},"end":{"line":16,"column":36}},"3":{"start":{"line":17,"column":4},"end":{"line":24,"column":6}}},"fnMap":{"0":{"name":"(anonymous_0)","decl":{"start":{"line":8,"column":2},"end":{"line":8,"column":3}},"loc":{"start":{"line":8,"column":21},"end":{"line":13,"column":3}},"line":8},"1":{"name":"(anonymous_1)","decl":{"start":{"line":15,"column":2},"end":{"line":15,"column":3}},"loc":{"start":{"line":15,"column":11},"end":{"line":25,"column":3}},"line":15}},"branchMap":{},"s":{"0":2,"1":2,"2":2,"3":2},"f":{"0":2,"1":2},"b":{},"_coverageSchema":"1a1c01bbd47fc00a2c39e90264f33305004495a9","hash":"3c0cd11f9ef4a3011496605355bc9af7faffd065"}
,"/home/rfduong/hackreactor/project-catwalk/client/src/components/ProductDetails/ProductDetails.js": {"path":"/home/rfduong/hackreactor/project-catwalk/client/src/components/ProductDetails/ProductDetails.js","statementMap":{"0":{"start":{"line":11,"column":4},"end":{"line":11,"column":17}},"1":{"start":{"line":12,"column":4},"end":{"line":13,"column":6}},"2":{"start":{"line":17,"column":4},"end":{"line":25,"column":6}}},"fnMap":{"0":{"name":"(anonymous_0)","decl":{"start":{"line":10,"column":2},"end":{"line":10,"column":3}},"loc":{"start":{"line":10,"column":21},"end":{"line":14,"column":3}},"line":10},"1":{"name":"(anonymous_1)","decl":{"start":{"line":16,"column":2},"end":{"line":16,"column":3}},"loc":{"start":{"line":16,"column":11},"end":{"line":26,"column":3}},"line":16}},"branchMap":{},"s":{"0":2,"1":2,"2":2},"f":{"0":2,"1":2},"b":{},"_coverageSchema":"1a1c01bbd47fc00a2c39e90264f33305004495a9","hash":"648d94679d55b7cde641392b20870856308b58f7"}
,"/home/rfduong/hackreactor/project-catwalk/client/src/components/ProductDetails/productDummyData.js": {"path":"/home/rfduong/hackreactor/project-catwalk/client/src/components/ProductDetails/productDummyData.js","statementMap":{"0":{"start":{"line":1,"column":16},"end":{"line":21,"column":1}}},"fnMap":{},"branchMap":{},"s":{"0":1},"f":{},"b":{},"_coverageSchema":"1a1c01bbd47fc00a2c39e90264f33305004495a9","hash":"ffe7ceedf3e7e273307d30ab322e924f12df4d0f"}
,"/home/rfduong/hackreactor/project-catwalk/client/src/components/ProductDetails/stylesDummyData.js": {"path":"/home/rfduong/hackreactor/project-catwalk/client/src/components/ProductDetails/stylesDummyData.js","statementMap":{"0":{"start":{"line":1,"column":15},"end":{"line":91,"column":1}}},"fnMap":{},"branchMap":{},"s":{"0":1},"f":{},"b":{},"_coverageSchema":"1a1c01bbd47fc00a2c39e90264f33305004495a9","hash":"a51995766606ff337fe17b1699bb98f1e7f74f2b"}
,"/home/rfduong/hackreactor/project-catwalk/client/src/components/ProductDetails/ImageGallery/DefaultView.js": {"path":"/home/rfduong/hackreactor/project-catwalk/client/src/components/ProductDetails/ImageGallery/DefaultView.js","statementMap":{"0":{"start":{"line":4,"column":20},"end":{"line":9,"column":1}},"1":{"start":{"line":5,"column":2},"end":{"line":8,"column":8}},"2":{"start":{"line":11,"column":0},"end":{"line":13,"column":2}}},"fnMap":{"0":{"name":"(anonymous_0)","decl":{"start":{"line":4,"column":20},"end":{"line":4,"column":21}},"loc":{"start":{"line":5,"column":2},"end":{"line":8,"column":8}},"line":5}},"branchMap":{},"s":{"0":1,"1":2,"2":1},"f":{"0":2},"b":{},"_coverageSchema":"1a1c01bbd47fc00a2c39e90264f33305004495a9","hash":"2d1971eb74518fbd79012a41b32dd6198448b3f8"}
,"/home/rfduong/hackreactor/project-catwalk/client/src/components/ProductDetails/ImageGallery/ImageGallery.js": {"path":"/home/rfduong/hackreactor/project-catwalk/client/src/components/ProductDetails/ImageGallery/ImageGallery.js","statementMap":{"0":{"start":{"line":6,"column":21},"end":{"line":13,"column":1}},"1":{"start":{"line":7,"column":2},"end":{"line":12,"column":8}},"2":{"start":{"line":11,"column":6},"end":{"line":11,"column":58}},"3":{"start":{"line":15,"column":0},"end":{"line":17,"column":2}}},"fnMap":{"0":{"name":"(anonymous_0)","decl":{"start":{"line":6,"column":21},"end":{"line":6,"column":22}},"loc":{"start":{"line":7,"column":2},"end":{"line":12,"column":8}},"line":7},"1":{"name":"(anonymous_1)","decl":{"start":{"line":10,"column":16},"end":{"line":10,"column":17}},"loc":{"start":{"line":11,"column":6},"end":{"line":11,"column":58}},"line":11}},"branchMap":{},"s":{"0":1,"1":2,"2":6,"3":1},"f":{"0":2,"1":6},"b":{},"_coverageSchema":"1a1c01bbd47fc00a2c39e90264f33305004495a9","hash":"fd2e297fdb47ed7f4b8aa2dd3ac6732627893aa8"}
,"/home/rfduong/hackreactor/project-catwalk/client/src/components/ProductDetails/ImageGallery/ThumbnailView.js": {"path":"/home/rfduong/hackreactor/project-catwalk/client/src/components/ProductDetails/ImageGallery/ThumbnailView.js","statementMap":{"0":{"start":{"line":4,"column":22},"end":{"line":9,"column":1}},"1":{"start":{"line":5,"column":2},"end":{"line":8,"column":8}},"2":{"start":{"line":11,"column":0},"end":{"line":13,"column":2}}},"fnMap":{"0":{"name":"(anonymous_0)","decl":{"start":{"line":4,"column":22},"end":{"line":4,"column":23}},"loc":{"start":{"line":5,"column":2},"end":{"line":8,"column":8}},"line":5}},"branchMap":{},"s":{"0":1,"1":6,"2":1},"f":{"0":6},"b":{},"_coverageSchema":"1a1c01bbd47fc00a2c39e90264f33305004495a9","hash":"7ae7ca63d60e076a59b7d4a4dffe145687d27e99"}
,"/home/rfduong/hackreactor/project-catwalk/client/src/components/ProductDetails/ProductInformation/Category.js": {"path":"/home/rfduong/hackreactor/project-catwalk/client/src/components/ProductDetails/ProductInformation/Category.js","statementMap":{"0":{"start":{"line":4,"column":17},"end":{"line":9,"column":1}},"1":{"start":{"line":5,"column":2},"end":{"line":8,"column":8}},"2":{"start":{"line":11,"column":0},"end":{"line":13,"column":2}}},"fnMap":{"0":{"name":"(anonymous_0)","decl":{"start":{"line":4,"column":17},"end":{"line":4,"column":18}},"loc":{"start":{"line":5,"column":2},"end":{"line":8,"column":8}},"line":5}},"branchMap":{},"s":{"0":1,"1":2,"2":1},"f":{"0":2},"b":{},"_coverageSchema":"1a1c01bbd47fc00a2c39e90264f33305004495a9","hash":"30ae61cd74e962edcceec88a1127f63538367188"}
,"/home/rfduong/hackreactor/project-catwalk/client/src/components/ProductDetails/ProductInformation/Price.js": {"path":"/home/rfduong/hackreactor/project-catwalk/client/src/components/ProductDetails/ProductInformation/Price.js","statementMap":{"0":{"start":{"line":4,"column":14},"end":{"line":9,"column":1}},"1":{"start":{"line":5,"column":2},"end":{"line":8,"column":8}},"2":{"start":{"line":11,"column":0},"end":{"line":13,"column":2}}},"fnMap":{"0":{"name":"(anonymous_0)","decl":{"start":{"line":4,"column":14},"end":{"line":4,"column":15}},"loc":{"start":{"line":5,"column":2},"end":{"line":8,"column":8}},"line":5}},"branchMap":{},"s":{"0":1,"1":2,"2":1},"f":{"0":2},"b":{},"_coverageSchema":"1a1c01bbd47fc00a2c39e90264f33305004495a9","hash":"0b1201f474462888b8fac802ee7578b8eb5a5a21"}
,"/home/rfduong/hackreactor/project-catwalk/client/src/components/ProductDetails/ProductInformation/ProductInformation.js": {"path":"/home/rfduong/hackreactor/project-catwalk/client/src/components/ProductDetails/ProductInformation/ProductInformation.js","statementMap":{"0":{"start":{"line":8,"column":27},"end":{"line":16,"column":1}},"1":{"start":{"line":9,"column":2},"end":{"line":15,"column":8}},"2":{"start":{"line":18,"column":0},"end":{"line":31,"column":2}}},"fnMap":{"0":{"name":"(anonymous_0)","decl":{"start":{"line":8,"column":27},"end":{"line":8,"column":28}},"loc":{"start":{"line":9,"column":2},"end":{"line":15,"column":8}},"line":9}},"branchMap":{},"s":{"0":1,"1":2,"2":1},"f":{"0":2},"b":{},"_coverageSchema":"1a1c01bbd47fc00a2c39e90264f33305004495a9","hash":"0b4e6f95300cb45acc00d7078be1c6f39fbbc9a4"}
,"/home/rfduong/hackreactor/project-catwalk/client/src/components/ProductDetails/ProductInformation/Title.js": {"path":"/home/rfduong/hackreactor/project-catwalk/client/src/components/ProductDetails/ProductInformation/Title.js","statementMap":{"0":{"start":{"line":4,"column":14},"end":{"line":9,"column":1}},"1":{"start":{"line":5,"column":2},"end":{"line":8,"column":8}},"2":{"start":{"line":11,"column":0},"end":{"line":13,"column":2}}},"fnMap":{"0":{"name":"(anonymous_0)","decl":{"start":{"line":4,"column":14},"end":{"line":4,"column":15}},"loc":{"start":{"line":5,"column":2},"end":{"line":8,"column":8}},"line":5}},"branchMap":{},"s":{"0":1,"1":2,"2":1},"f":{"0":2},"b":{},"_coverageSchema":"1a1c01bbd47fc00a2c39e90264f33305004495a9","hash":"ffc65b204e231e6fe1ad86180c239907a89fbde3"}
,"/home/rfduong/hackreactor/project-catwalk/client/src/components/Questions/Answer.js": {"path":"/home/rfduong/hackreactor/project-catwalk/client/src/components/Questions/Answer.js","statementMap":{"0":{"start":{"line":6,"column":4},"end":{"line":6,"column":17}},"1":{"start":{"line":7,"column":4},"end":{"line":9,"column":6}},"2":{"start":{"line":13,"column":23},"end":{"line":13,"column":33}},"3":{"start":{"line":14,"column":4},"end":{"line":18,"column":6}},"4":{"start":{"line":22,"column":0},"end":{"line":34,"column":2}},"5":{"start":{"line":36,"column":0},"end":{"line":54,"column":2}}},"fnMap":{"0":{"name":"(anonymous_0)","decl":{"start":{"line":5,"column":2},"end":{"line":5,"column":3}},"loc":{"start":{"line":5,"column":21},"end":{"line":10,"column":3}},"line":5},"1":{"name":"(anonymous_1)","decl":{"start":{"line":12,"column":2},"end":{"line":12,"column":3}},"loc":{"start":{"line":12,"column":11},"end":{"line":19,"column":3}},"line":12}},"branchMap":{},"s":{"0":96,"1":96,"2":96,"3":96,"4":5,"5":5},"f":{"0":96,"1":96},"b":{},"_coverageSchema":"1a1c01bbd47fc00a2c39e90264f33305004495a9","hash":"315aa791bb9630be678e41a99a2bb5ec3a728262"}
,"/home/rfduong/hackreactor/project-catwalk/client/src/components/Questions/AnswerList.js": {"path":"/home/rfduong/hackreactor/project-catwalk/client/src/components/Questions/AnswerList.js","statementMap":{"0":{"start":{"line":7,"column":4},"end":{"line":7,"column":17}},"1":{"start":{"line":8,"column":4},"end":{"line":10,"column":6}},"2":{"start":{"line":14,"column":24},"end":{"line":14,"column":34}},"3":{"start":{"line":15,"column":4},"end":{"line":19,"column":6}},"4":{"start":{"line":17,"column":33},"end":{"line":17,"column":82}},"5":{"start":{"line":23,"column":0},"end":{"line":36,"column":2}},"6":{"start":{"line":38,"column":0},"end":{"line":96,"column":2}}},"fnMap":{"0":{"name":"(anonymous_0)","decl":{"start":{"line":6,"column":2},"end":{"line":6,"column":3}},"loc":{"start":{"line":6,"column":21},"end":{"line":11,"column":3}},"line":6},"1":{"name":"(anonymous_1)","decl":{"start":{"line":13,"column":2},"end":{"line":13,"column":3}},"loc":{"start":{"line":13,"column":11},"end":{"line":20,"column":3}},"line":13},"2":{"name":"(anonymous_2)","decl":{"start":{"line":17,"column":21},"end":{"line":17,"column":22}},"loc":{"start":{"line":17,"column":33},"end":{"line":17,"column":82}},"line":17}},"branchMap":{},"s":{"0":19,"1":19,"2":19,"3":19,"4":95,"5":4,"6":4},"f":{"0":19,"1":19,"2":95},"b":{},"_coverageSchema":"1a1c01bbd47fc00a2c39e90264f33305004495a9","hash":"3a670718707deaef44cb98ed234c674ced6e408a"}
,"/home/rfduong/hackreactor/project-catwalk/client/src/components/Questions/Question.js": {"path":"/home/rfduong/hackreactor/project-catwalk/client/src/components/Questions/Question.js","statementMap":{"0":{"start":{"line":8,"column":4},"end":{"line":8,"column":17}},"1":{"start":{"line":9,"column":4},"end":{"line":11,"column":6}},"2":{"start":{"line":15,"column":25},"end":{"line":15,"column":35}},"3":{"start":{"line":16,"column":24},"end":{"line":16,"column":34}},"4":{"start":{"line":17,"column":4},"end":{"line":22,"column":6}},"5":{"start":{"line":26,"column":0},"end":{"line":43,"column":2}},"6":{"start":{"line":45,"column":0},"end":{"line":214,"column":2}}},"fnMap":{"0":{"name":"(anonymous_0)","decl":{"start":{"line":7,"column":2},"end":{"line":7,"column":3}},"loc":{"start":{"line":7,"column":21},"end":{"line":12,"column":3}},"line":7},"1":{"name":"(anonymous_1)","decl":{"start":{"line":14,"column":2},"end":{"line":14,"column":3}},"loc":{"start":{"line":14,"column":11},"end":{"line":23,"column":3}},"line":14}},"branchMap":{},"s":{"0":18,"1":18,"2":18,"3":18,"4":18,"5":3,"6":3},"f":{"0":18,"1":18},"b":{},"_coverageSchema":"1a1c01bbd47fc00a2c39e90264f33305004495a9","hash":"ef4ca3575f4bc7d1225a5ce174f34560dc717b9b"}
,"/home/rfduong/hackreactor/project-catwalk/client/src/components/Questions/Questions.js": {"path":"/home/rfduong/hackreactor/project-catwalk/client/src/components/Questions/Questions.js","statementMap":{"0":{"start":{"line":8,"column":4},"end":{"line":8,"column":17}},"1":{"start":{"line":9,"column":4},"end":{"line":11,"column":6}},"2":{"start":{"line":15,"column":26},"end":{"line":15,"column":36}},"3":{"start":{"line":16,"column":26},"end":{"line":16,"column":55}},"4":{"start":{"line":17,"column":4},"end":{"line":28,"column":6}},"5":{"start":{"line":22,"column":12},"end":{"line":24,"column":18}}},"fnMap":{"0":{"name":"(anonymous_0)","decl":{"start":{"line":7,"column":2},"end":{"line":7,"column":3}},"loc":{"start":{"line":7,"column":21},"end":{"line":12,"column":3}},"line":7},"1":{"name":"(anonymous_1)","decl":{"start":{"line":14,"column":2},"end":{"line":14,"column":3}},"loc":{"start":{"line":14,"column":11},"end":{"line":29,"column":3}},"line":14},"2":{"name":"(anonymous_2)","decl":{"start":{"line":21,"column":29},"end":{"line":21,"column":30}},"loc":{"start":{"line":22,"column":12},"end":{"line":24,"column":18}},"line":22}},"branchMap":{},"s":{"0":4,"1":4,"2":4,"3":4,"4":4,"5":16},"f":{"0":4,"1":4,"2":16},"b":{},"_coverageSchema":"1a1c01bbd47fc00a2c39e90264f33305004495a9","hash":"2e29173af3106f53f7ad0e9921a068d0cf716a32"}
,"/home/rfduong/hackreactor/project-catwalk/client/src/components/Questions/dummyAnswers.js": {"path":"/home/rfduong/hackreactor/project-catwalk/client/src/components/Questions/dummyAnswers.js","statementMap":{"0":{"start":{"line":1,"column":21},"end":{"line":61,"column":1}}},"fnMap":{},"branchMap":{},"s":{"0":3},"f":{},"b":{},"_coverageSchema":"1a1c01bbd47fc00a2c39e90264f33305004495a9","hash":"5dda35e15edbb4df84cceb3323c6eb563751e1e6"}
,"/home/rfduong/hackreactor/project-catwalk/client/src/components/Questions/dummyQuestions.js": {"path":"/home/rfduong/hackreactor/project-catwalk/client/src/components/Questions/dummyQuestions.js","statementMap":{"0":{"start":{"line":1,"column":23},"end":{"line":534,"column":1}}},"fnMap":{},"branchMap":{},"s":{"0":2},"f":{},"b":{},"_coverageSchema":"1a1c01bbd47fc00a2c39e90264f33305004495a9","hash":"3b828cbcf5fa3b52707fb6324b47af17af2deb4b"}
,"/home/rfduong/hackreactor/project-catwalk/client/src/components/RatingsAndReviews/RatingsAndReviews.js": {"path":"/home/rfduong/hackreactor/project-catwalk/client/src/components/RatingsAndReviews/RatingsAndReviews.js","statementMap":{"0":{"start":{"line":5,"column":4},"end":{"line":5,"column":17}},"1":{"start":{"line":6,"column":4},"end":{"line":8,"column":6}},"2":{"start":{"line":12,"column":4},"end":{"line":16,"column":6}}},"fnMap":{"0":{"name":"(anonymous_0)","decl":{"start":{"line":4,"column":2},"end":{"line":4,"column":3}},"loc":{"start":{"line":4,"column":21},"end":{"line":9,"column":3}},"line":4},"1":{"name":"(anonymous_1)","decl":{"start":{"line":11,"column":2},"end":{"line":11,"column":3}},"loc":{"start":{"line":11,"column":11},"end":{"line":17,"column":3}},"line":11}},"branchMap":{},"s":{"0":2,"1":2,"2":2},"f":{"0":2,"1":2},"b":{},"_coverageSchema":"1a1c01bbd47fc00a2c39e90264f33305004495a9","hash":"5b4c89a369a766d46be76e3d86cc05e684478c09"}
,"/home/rfduong/hackreactor/project-catwalk/client/src/components/RelatedProducts/List.js": {"path":"/home/rfduong/hackreactor/project-catwalk/client/src/components/RelatedProducts/List.js","statementMap":{"0":{"start":{"line":4,"column":13},"end":{"line":8,"column":1}},"1":{"start":{"line":5,"column":2},"end":{"line":7,"column":8}},"2":{"start":{"line":10,"column":0},"end":{"line":12,"column":2}}},"fnMap":{"0":{"name":"(anonymous_0)","decl":{"start":{"line":4,"column":13},"end":{"line":4,"column":14}},"loc":{"start":{"line":5,"column":2},"end":{"line":7,"column":8}},"line":5}},"branchMap":{},"s":{"0":2,"1":6,"2":2},"f":{"0":6},"b":{},"_coverageSchema":"1a1c01bbd47fc00a2c39e90264f33305004495a9","hash":"974afe9743020bb87ad1c3aa81097142504287f0"}
,"/home/rfduong/hackreactor/project-catwalk/client/src/components/RelatedProducts/RelatedProducts.js": {"path":"/home/rfduong/hackreactor/project-catwalk/client/src/components/RelatedProducts/RelatedProducts.js","statementMap":{"0":{"start":{"line":6,"column":4},"end":{"line":6,"column":17}},"1":{"start":{"line":7,"column":4},"end":{"line":9,"column":6}},"2":{"start":{"line":13,"column":4},"end":{"line":19,"column":6}}},"fnMap":{"0":{"name":"(anonymous_0)","decl":{"start":{"line":5,"column":2},"end":{"line":5,"column":3}},"loc":{"start":{"line":5,"column":21},"end":{"line":10,"column":3}},"line":5},"1":{"name":"(anonymous_1)","decl":{"start":{"line":12,"column":2},"end":{"line":12,"column":3}},"loc":{"start":{"line":12,"column":11},"end":{"line":20,"column":3}},"line":12}},"branchMap":{},"s":{"0":3,"1":3,"2":3},"f":{"0":3,"1":3},"b":{},"_coverageSchema":"1a1c01bbd47fc00a2c39e90264f33305004495a9","hash":"3ae3b19d815c77db356411ff9b1cabc3916d3ec1"}
,"/home/rfduong/hackreactor/project-catwalk/server/server.js": {"path":"/home/rfduong/hackreactor/project-catwalk/server/server.js","statementMap":{"0":{"start":{"line":1,"column":16},"end":{"line":1,"column":34}},"1":{"start":{"line":3,"column":13},"end":{"line":3,"column":28}},"2":{"start":{"line":5,"column":12},"end":{"line":5,"column":21}},"3":{"start":{"line":7,"column":20},"end":{"line":7,"column":28}},"4":{"start":{"line":9,"column":14},"end":{"line":9,"column":30}},"5":{"start":{"line":11,"column":15},"end":{"line":11,"column":38}},"6":{"start":{"line":13,"column":15},"end":{"line":16,"column":1}},"7":{"start":{"line":14,"column":2},"end":{"line":14,"column":75}},"8":{"start":{"line":15,"column":2},"end":{"line":15,"column":9}},"9":{"start":{"line":18,"column":0},"end":{"line":18,"column":21}},"10":{"start":{"line":20,"column":0},"end":{"line":20,"column":64}},"11":{"start":{"line":22,"column":0},"end":{"line":22,"column":48}},"12":{"start":{"line":23,"column":0},"end":{"line":23,"column":24}},"13":{"start":{"line":25,"column":0},"end":{"line":27,"column":3}},"14":{"start":{"line":26,"column":2},"end":{"line":26,"column":22}},"15":{"start":{"line":29,"column":0},"end":{"line":31,"column":3}},"16":{"start":{"line":30,"column":2},"end":{"line":30,"column":19}},"17":{"start":{"line":33,"column":0},"end":{"line":47,"column":3}},"18":{"start":{"line":35,"column":2},"end":{"line":46,"column":7}},"19":{"start":{"line":42,"column":6},"end":{"line":42,"column":30}},"20":{"start":{"line":45,"column":6},"end":{"line":45,"column":34}},"21":{"start":{"line":49,"column":13},"end":{"line":49,"column":17}},"22":{"start":{"line":51,"column":15},"end":{"line":53,"column":2}},"23":{"start":{"line":52,"column":2},"end":{"line":52,"column":43}},"24":{"start":{"line":55,"column":0},"end":{"line":58,"column":2}}},"fnMap":{"0":{"name":"(anonymous_0)","decl":{"start":{"line":13,"column":15},"end":{"line":13,"column":16}},"loc":{"start":{"line":13,"column":35},"end":{"line":16,"column":1}},"line":13},"1":{"name":"(anonymous_1)","decl":{"start":{"line":25,"column":13},"end":{"line":25,"column":14}},"loc":{"start":{"line":25,"column":27},"end":{"line":27,"column":1}},"line":25},"2":{"name":"(anonymous_2)","decl":{"start":{"line":29,"column":17},"end":{"line":29,"column":18}},"loc":{"start":{"line":29,"column":31},"end":{"line":31,"column":1}},"line":29},"3":{"name":"(anonymous_3)","decl":{"start":{"line":33,"column":21},"end":{"line":33,"column":22}},"loc":{"start":{"line":33,"column":35},"end":{"line":47,"column":1}},"line":33},"4":{"name":"(anonymous_4)","decl":{"start":{"line":41,"column":10},"end":{"line":41,"column":11}},"loc":{"start":{"line":41,"column":24},"end":{"line":43,"column":5}},"line":41},"5":{"name":"(anonymous_5)","decl":{"start":{"line":44,"column":11},"end":{"line":44,"column":12}},"loc":{"start":{"line":44,"column":22},"end":{"line":46,"column":5}},"line":44},"6":{"name":"(anonymous_6)","decl":{"start":{"line":51,"column":32},"end":{"line":51,"column":33}},"loc":{"start":{"line":51,"column":38},"end":{"line":53,"column":1}},"line":51}},"branchMap":{},"s":{"0":1,"1":1,"2":1,"3":1,"4":1,"5":1,"6":1,"7":0,"8":0,"9":1,"10":1,"11":1,"12":1,"13":1,"14":0,"15":1,"16":0,"17":1,"18":0,"19":0,"20":0,"21":1,"22":1,"23":0,"24":1},"f":{"0":0,"1":0,"2":0,"3":0,"4":0,"5":0,"6":0},"b":{},"_coverageSchema":"1a1c01bbd47fc00a2c39e90264f33305004495a9","hash":"b713682a9b29b2c4281a955120387d9db56fe786"}
}
