TN:
SF:config.js
FNF:0
FNH:0
DA:1,1
LF:1
LH:1
BRF:0
BRH:0
end_of_record
TN:
SF:client/src/components/App.js
FN:8,(anonymous_0)
FN:15,(anonymous_1)
FNF:2
FNH:2
FNDA:2,(anonymous_0)
FNDA:2,(anonymous_1)
DA:9,2
DA:10,2
DA:16,2
DA:17,2
LF:4
LH:4
BRF:0
BRH:0
end_of_record
TN:
SF:client/src/components/ProductDetails/ProductDetails.js
FN:10,(anonymous_0)
FN:16,(anonymous_1)
FNF:2
FNH:2
FNDA:2,(anonymous_0)
FNDA:2,(anonymous_1)
DA:11,2
DA:12,2
DA:17,2
LF:3
LH:3
BRF:0
BRH:0
end_of_record
TN:
SF:client/src/components/ProductDetails/productDummyData.js
FNF:0
FNH:0
DA:1,1
LF:1
LH:1
BRF:0
BRH:0
end_of_record
TN:
SF:client/src/components/ProductDetails/stylesDummyData.js
FNF:0
FNH:0
DA:1,1
LF:1
LH:1
BRF:0
BRH:0
end_of_record
TN:
SF:client/src/components/ProductDetails/ImageGallery/DefaultView.js
FN:4,(anonymous_0)
FNF:1
FNH:1
FNDA:2,(anonymous_0)
DA:4,1
DA:5,2
DA:11,1
LF:3
LH:3
BRF:0
BRH:0
end_of_record
TN:
SF:client/src/components/ProductDetails/ImageGallery/ImageGallery.js
FN:6,(anonymous_0)
FN:10,(anonymous_1)
FNF:2
FNH:2
FNDA:2,(anonymous_0)
FNDA:6,(anonymous_1)
DA:6,1
DA:7,2
DA:11,6
DA:15,1
LF:4
LH:4
BRF:0
BRH:0
end_of_record
TN:
SF:client/src/components/ProductDetails/ImageGallery/ThumbnailView.js
FN:4,(anonymous_0)
FNF:1
FNH:1
FNDA:6,(anonymous_0)
DA:4,1
DA:5,6
DA:11,1
LF:3
LH:3
BRF:0
BRH:0
end_of_record
TN:
SF:client/src/components/ProductDetails/ProductInformation/Category.js
FN:4,(anonymous_0)
FNF:1
FNH:1
FNDA:2,(anonymous_0)
DA:4,1
DA:5,2
DA:11,1
LF:3
LH:3
BRF:0
BRH:0
end_of_record
TN:
SF:client/src/components/ProductDetails/ProductInformation/Price.js
FN:4,(anonymous_0)
FNF:1
FNH:1
FNDA:2,(anonymous_0)
DA:4,1
DA:5,2
DA:11,1
LF:3
LH:3
BRF:0
BRH:0
end_of_record
TN:
SF:client/src/components/ProductDetails/ProductInformation/ProductInformation.js
FN:8,(anonymous_0)
FNF:1
FNH:1
FNDA:2,(anonymous_0)
DA:8,1
DA:9,2
DA:18,1
LF:3
LH:3
BRF:0
BRH:0
end_of_record
TN:
SF:client/src/components/ProductDetails/ProductInformation/Title.js
FN:4,(anonymous_0)
FNF:1
FNH:1
FNDA:2,(anonymous_0)
DA:4,1
DA:5,2
DA:11,1
LF:3
LH:3
BRF:0
BRH:0
end_of_record
TN:
SF:client/src/components/Questions/Answer.js
FN:5,(anonymous_0)
FN:12,(anonymous_1)
FNF:2
FNH:2
FNDA:96,(anonymous_0)
FNDA:96,(anonymous_1)
DA:6,96
DA:7,96
DA:13,96
DA:14,96
DA:22,5
DA:36,5
LF:6
LH:6
BRF:0
BRH:0
end_of_record
TN:
SF:client/src/components/Questions/AnswerList.js
FN:6,(anonymous_0)
FN:13,(anonymous_1)
FN:17,(anonymous_2)
FNF:3
FNH:3
FNDA:19,(anonymous_0)
FNDA:19,(anonymous_1)
FNDA:95,(anonymous_2)
DA:7,19
DA:8,19
DA:14,19
DA:15,19
DA:17,95
DA:23,4
DA:38,4
LF:7
LH:7
BRF:0
BRH:0
end_of_record
TN:
SF:client/src/components/Questions/Question.js
FN:7,(anonymous_0)
FN:14,(anonymous_1)
FNF:2
FNH:2
FNDA:18,(anonymous_0)
FNDA:18,(anonymous_1)
DA:8,18
DA:9,18
DA:15,18
DA:16,18
DA:17,18
DA:26,3
DA:45,3
LF:7
LH:7
BRF:0
BRH:0
end_of_record
TN:
SF:client/src/components/Questions/Questions.js
FN:7,(anonymous_0)
FN:14,(anonymous_1)
FN:21,(anonymous_2)
FNF:3
FNH:3
FNDA:4,(anonymous_0)
FNDA:4,(anonymous_1)
FNDA:16,(anonymous_2)
DA:8,4
DA:9,4
DA:15,4
DA:16,4
DA:17,4
DA:22,16
LF:6
LH:6
BRF:0
BRH:0
end_of_record
TN:
SF:client/src/components/Questions/dummyAnswers.js
FNF:0
FNH:0
DA:1,3
LF:1
LH:1
BRF:0
BRH:0
end_of_record
TN:
SF:client/src/components/Questions/dummyQuestions.js
FNF:0
FNH:0
DA:1,2
LF:1
LH:1
BRF:0
BRH:0
end_of_record
TN:
SF:client/src/components/RatingsAndReviews/RatingsAndReviews.js
FN:4,(anonymous_0)
FN:11,(anonymous_1)
FNF:2
FNH:2
FNDA:2,(anonymous_0)
FNDA:2,(anonymous_1)
DA:5,2
DA:6,2
DA:12,2
LF:3
LH:3
BRF:0
BRH:0
end_of_record
TN:
SF:client/src/components/RelatedProducts/List.js
FN:4,(anonymous_0)
FNF:1
FNH:1
FNDA:6,(anonymous_0)
DA:4,2
DA:5,6
DA:10,2
LF:3
LH:3
BRF:0
BRH:0
end_of_record
TN:
SF:client/src/components/RelatedProducts/RelatedProducts.js
FN:5,(anonymous_0)
FN:12,(anonymous_1)
FNF:2
FNH:2
FNDA:3,(anonymous_0)
FNDA:3,(anonymous_1)
DA:6,3
DA:7,3
DA:13,3
LF:3
LH:3
BRF:0
BRH:0
end_of_record
TN:
SF:server/server.js
FN:13,(anonymous_0)
FN:25,(anonymous_1)
FN:29,(anonymous_2)
FN:33,(anonymous_3)
FN:41,(anonymous_4)
FN:44,(anonymous_5)
FN:51,(anonymous_6)
FNF:7
FNH:0
FNDA:0,(anonymous_0)
FNDA:0,(anonymous_1)
FNDA:0,(anonymous_2)
FNDA:0,(anonymous_3)
FNDA:0,(anonymous_4)
FNDA:0,(anonymous_5)
FNDA:0,(anonymous_6)
DA:1,1
DA:3,1
DA:5,1
DA:7,1
DA:9,1
DA:11,1
DA:13,1
DA:14,0
DA:15,0
DA:18,1
DA:20,1
DA:22,1
DA:23,1
DA:25,1
DA:26,0
DA:29,1
DA:30,0
DA:33,1
DA:35,0
DA:42,0
DA:45,0
DA:49,1
DA:51,1
DA:52,0
DA:55,1
LF:25
LH:17
BRF:0
BRH:0
end_of_record
